# JRE version: Java(TM) SE Runtime Environment (8.0_144-b01) (build 1.8.0_144-b01)
# Java VM: Java HotSpot(TM) 64-Bit Server VM (25.144-b01 mixed mode bsd-amd64 compressed oops)
Heap:
 PSYoungGen      total 32768K, used 2845K [0x0000000795580000, 0x0000000797b80000, 0x00000007c0000000)
  eden space 32256K, 8% used [0x0000000795580000,0x00000007958477a0,0x0000000797500000)
  from space 512K, 0% used [0x0000000797b00000,0x0000000797b00000,0x0000000797b80000)
  to   space 512K, 0% used [0x0000000797a80000,0x0000000797a80000,0x0000000797b00000)
 ParOldGen       total 93696K, used 17806K [0x0000000740000000, 0x0000000745b80000, 0x0000000795580000)
  object space 93696K, 19% used [0x0000000740000000,0x0000000741163b08,0x0000000745b80000)
 Metaspace       used 58759K, capacity 62398K, committed 64936K, reserved 1105920K
  class space    used 7173K, capacity 7688K, committed 8104K, reserved 1048576K
GC Heap History (10 events):
Event: 50687.372 GC heap before
{Heap before GC invocations=1062 (full 93):
 PSYoungGen      total 32768K, used 32384K [0x0000000795580000, 0x0000000797b80000, 0x00000007c0000000)
  eden space 32256K, 100% used [0x0000000795580000,0x0000000797500000,0x0000000797500000)
  from space 512K, 25% used [0x0000000797b00000,0x0000000797b20000,0x0000000797b80000)
  to   space 512K, 0% used [0x0000000797a80000,0x0000000797a80000,0x0000000797b00000)
 ParOldGen       total 93696K, used 25320K [0x0000000740000000, 0x0000000745b80000, 0x0000000795580000)
  object space 93696K, 27% used [0x0000000740000000,0x00000007418ba238,0x0000000745b80000)
 Metaspace       used 59632K, capacity 63842K, committed 64936K, reserved 1105920K
  class space    used 7297K, capacity 7895K, committed 8104K, reserved 1048576K
Event: 50687.384 GC heap after
Heap after GC invocations=1062 (full 93):
 PSYoungGen      total 32768K, used 128K [0x0000000795580000, 0x0000000797b80000, 0x00000007c0000000)
  eden space 32256K, 0% used [0x0000000795580000,0x0000000795580000,0x0000000797500000)
  from space 512K, 25% used [0x0000000797a80000,0x0000000797aa0000,0x0000000797b00000)
  to   space 512K, 0% used [0x0000000797b00000,0x0000000797b00000,0x0000000797b80000)
 ParOldGen       total 93696K, used 25352K [0x0000000740000000, 0x0000000745b80000, 0x0000000795580000)
  object space 93696K, 27% used [0x0000000740000000,0x00000007418c2238,0x0000000745b80000)
 Metaspace       used 59632K, capacity 63842K, committed 64936K, reserved 1105920K
  class space    used 7297K, capacity 7895K, committed 8104K, reserved 1048576K
}
Event: 50732.126 GC heap before
{Heap before GC invocations=1063 (full 93):
 PSYoungGen      total 32768K, used 32384K [0x0000000795580000, 0x0000000797b80000, 0x00000007c0000000)
  eden space 32256K, 100% used [0x0000000795580000,0x0000000797500000,0x0000000797500000)
  from space 512K, 25% used [0x0000000797a80000,0x0000000797aa0000,0x0000000797b00000)
  to   space 512K, 0% used [0x0000000797b00000,0x0000000797b00000,0x0000000797b80000)
 ParOldGen       total 93696K, used 25352K [0x0000000740000000, 0x0000000745b80000, 0x0000000795580000)
  object space 93696K, 27% used [0x0000000740000000,0x00000007418c2238,0x0000000745b80000)
 Metaspace       used 59632K, capacity 63842K, committed 64936K, reserved 1105920K
  class space    used 7297K, capacity 7895K, committed 8104K, reserved 1048576K
Event: 50732.134 GC heap after
Heap after GC invocations=1063 (full 93):
 PSYoungGen      total 32768K, used 128K [0x0000000795580000, 0x0000000797b80000, 0x00000007c0000000)
  eden space 32256K, 0% used [0x0000000795580000,0x0000000795580000,0x0000000797500000)
  from space 512K, 25% used [0x0000000797b00000,0x0000000797b20000,0x0000000797b80000)
  to   space 512K, 0% used [0x0000000797a80000,0x0000000797a80000,0x0000000797b00000)
 ParOldGen       total 93696K, used 25384K [0x0000000740000000, 0x0000000745b80000, 0x0000000795580000)
  object space 93696K, 27% used [0x0000000740000000,0x00000007418ca238,0x0000000745b80000)
 Metaspace       used 59632K, capacity 63842K, committed 64936K, reserved 1105920K
  class space    used 7297K, capacity 7895K, committed 8104K, reserved 1048576K
}
Event: 50777.215 GC heap before
{Heap before GC invocations=1064 (full 93):
 PSYoungGen      total 32768K, used 32384K [0x0000000795580000, 0x0000000797b80000, 0x00000007c0000000)
  eden space 32256K, 100% used [0x0000000795580000,0x0000000797500000,0x0000000797500000)
  from space 512K, 25% used [0x0000000797b00000,0x0000000797b20000,0x0000000797b80000)
  to   space 512K, 0% used [0x0000000797a80000,0x0000000797a80000,0x0000000797b00000)
 ParOldGen       total 93696K, used 25384K [0x0000000740000000, 0x0000000745b80000, 0x0000000795580000)
  object space 93696K, 27% used [0x0000000740000000,0x00000007418ca238,0x0000000745b80000)
 Metaspace       used 59632K, capacity 63842K, committed 64936K, reserved 1105920K
  class space    used 7297K, capacity 7895K, committed 8104K, reserved 1048576K
Event: 50777.218 GC heap after
Heap after GC invocations=1064 (full 93):
 PSYoungGen      total 32768K, used 128K [0x0000000795580000, 0x0000000797b80000, 0x00000007c0000000)
  eden space 32256K, 0% used [0x0000000795580000,0x0000000795580000,0x0000000797500000)
  from space 512K, 25% used [0x0000000797a80000,0x0000000797aa0000,0x0000000797b00000)
  to   space 512K, 0% used [0x0000000797b00000,0x0000000797b00000,0x0000000797b80000)
 ParOldGen       total 93696K, used 25384K [0x0000000740000000, 0x0000000745b80000, 0x0000000795580000)
  object space 93696K, 27% used [0x0000000740000000,0x00000007418ca238,0x0000000745b80000)
 Metaspace       used 59632K, capacity 63842K, committed 64936K, reserved 1105920K
  class space    used 7297K, capacity 7895K, committed 8104K, reserved 1048576K
}
Event: 50810.906 GC heap before
{Heap before GC invocations=1065 (full 93):
 PSYoungGen      total 32768K, used 25602K [0x0000000795580000, 0x0000000797b80000, 0x00000007c0000000)
  eden space 32256K, 78% used [0x0000000795580000,0x0000000796e608c8,0x0000000797500000)
  from space 512K, 25% used [0x0000000797a80000,0x0000000797aa0000,0x0000000797b00000)
  to   space 512K, 0% used [0x0000000797b00000,0x0000000797b00000,0x0000000797b80000)
 ParOldGen       total 93696K, used 25384K [0x0000000740000000, 0x0000000745b80000, 0x0000000795580000)
  object space 93696K, 27% used [0x0000000740000000,0x00000007418ca238,0x0000000745b80000)
 Metaspace       used 59635K, capacity 63848K, committed 64936K, reserved 1105920K
  class space    used 7297K, capacity 7897K, committed 8104K, reserved 1048576K
Event: 50810.926 GC heap after
Heap after GC invocations=1065 (full 93):
 PSYoungGen      total 32768K, used 224K [0x0000000795580000, 0x0000000797b80000, 0x00000007c0000000)
  eden space 32256K, 0% used [0x0000000795580000,0x0000000795580000,0x0000000797500000)
  from space 512K, 43% used [0x0000000797b00000,0x0000000797b38000,0x0000000797b80000)
  to   space 512K, 0% used [0x0000000797a80000,0x0000000797a80000,0x0000000797b00000)
 ParOldGen       total 93696K, used 25384K [0x0000000740000000, 0x0000000745b80000, 0x0000000795580000)
  object space 93696K, 27% used [0x0000000740000000,0x00000007418ca238,0x0000000745b80000)
 Metaspace       used 59635K, capacity 63848K, committed 64936K, reserved 1105920K
  class space    used 7297K, capacity 7897K, committed 8104K, reserved 1048576K
}
Event: 50810.928 GC heap before
{Heap before GC invocations=1066 (full 94):
 PSYoungGen      total 32768K, used 224K [0x0000000795580000, 0x0000000797b80000, 0x00000007c0000000)
  eden space 32256K, 0% used [0x0000000795580000,0x0000000795580000,0x0000000797500000)
  from space 512K, 43% used [0x0000000797b00000,0x0000000797b38000,0x0000000797b80000)
  to   space 512K, 0% used [0x0000000797a80000,0x0000000797a80000,0x0000000797b00000)
 ParOldGen       total 93696K, used 25384K [0x0000000740000000, 0x0000000745b80000, 0x0000000795580000)
  object space 93696K, 27% used [0x0000000740000000,0x00000007418ca238,0x0000000745b80000)
 Metaspace       used 59635K, capacity 63848K, committed 64936K, reserved 1105920K
  class space    used 7297K, capacity 7897K, committed 8104K, reserved 1048576K
Event: 50815.230 GC heap after
Heap after GC invocations=1066 (full 94):
 PSYoungGen      total 32768K, used 0K [0x0000000795580000, 0x0000000797b80000, 0x00000007c0000000)
  eden space 32256K, 0% used [0x0000000795580000,0x0000000795580000,0x0000000797500000)
  from space 512K, 0% used [0x0000000797b00000,0x0000000797b00000,0x0000000797b80000)
  to   space 512K, 0% used [0x0000000797a80000,0x0000000797a80000,0x0000000797b00000)
 ParOldGen       total 93696K, used 17806K [0x0000000740000000, 0x0000000745b80000, 0x0000000795580000)
  object space 93696K, 19% used [0x0000000740000000,0x0000000741163b08,0x0000000745b80000)
 Metaspace       used 58751K, capacity 62376K, committed 64936K, reserved 1105920K
  class space    used 7171K, capacity 7684K, committed 8104K, reserved 1048576K
}

